[2020-12-14T19:15:37.037Z] [org.springframework.boot.StartupInfoLogger] [restartedMain] [55] [INFO ]
				Starting EmpPayrollWebAppApplication using Java 15 on DESKTOP-FR81GBB with PID 20112 (C:\Users\user\workspace-sts\EmpPayrollWebApp\target\classes started by user in C:\Users\user\workspace-sts\EmpPayrollWebApp)
[2020-12-14T19:15:37.037Z] [org.hibernate.validator.internal.util.Version] [background-preinit] [21] [INFO ]
				HV000001: Hibernate Validator 6.1.6.Final
[2020-12-14T19:15:37.037Z] [org.springframework.boot.SpringApplication] [restartedMain] [660] [INFO ]
				No active profile set, falling back to default profiles: default
[2020-12-14T19:15:38.038Z] [org.springframework.boot.logging.DeferredLog] [restartedMain] [255] [INFO ]
				Devtools property defaults active! Set 'spring.devtools.add-properties' to 'false' to disable
[2020-12-14T19:15:38.038Z] [org.springframework.boot.logging.DeferredLog] [restartedMain] [255] [INFO ]
				For additional web related logging consider setting the 'logging.level.web' property to 'DEBUG'
[2020-12-14T19:15:39.039Z] [org.springframework.data.repository.config.RepositoryConfigurationDelegate] [restartedMain] [128] [INFO ]
				Bootstrapping Spring Data JPA repositories in DEFERRED mode.
[2020-12-14T19:15:39.039Z] [org.springframework.data.repository.config.RepositoryConfigurationDelegate] [restartedMain] [188] [INFO ]
				Finished Spring Data repository scanning in 78 ms. Found 1 JPA repository interfaces.
[2020-12-14T19:15:40.040Z] [org.springframework.boot.web.embedded.tomcat.TomcatWebServer] [restartedMain] [108] [INFO ]
				Tomcat initialized with port(s): 8080 (http)
[2020-12-14T19:15:40.040Z] [org.apache.juli.logging.DirectJDKLog] [restartedMain] [173] [INFO ]
				Initializing ProtocolHandler ["http-nio-8080"]
[2020-12-14T19:15:40.040Z] [org.apache.juli.logging.DirectJDKLog] [restartedMain] [173] [INFO ]
				Starting service [Tomcat]
[2020-12-14T19:15:40.040Z] [org.apache.juli.logging.DirectJDKLog] [restartedMain] [173] [INFO ]
				Starting Servlet engine: [Apache Tomcat/9.0.39]
[2020-12-14T19:15:40.040Z] [org.apache.juli.logging.DirectJDKLog] [restartedMain] [173] [INFO ]
				Initializing Spring embedded WebApplicationContext
[2020-12-14T19:15:40.040Z] [org.springframework.boot.web.servlet.context.ServletWebServerApplicationContext] [restartedMain] [289] [INFO ]
				Root WebApplicationContext: initialization completed in 2670 ms
[2020-12-14T19:15:41.041Z] [org.hibernate.jpa.internal.util.LogHelper] [restartedMain] [31] [INFO ]
				HHH000204: Processing PersistenceUnitInfo [name: default]
[2020-12-14T19:15:41.041Z] [org.hibernate.Version] [restartedMain] [44] [INFO ]
				HHH000412: Hibernate ORM core version 5.4.23.Final
[2020-12-14T19:15:41.041Z] [org.hibernate.annotations.common.reflection.java.JavaReflectionManager] [restartedMain] [56] [INFO ]
				HCANN000001: Hibernate Commons Annotations {5.1.2.Final}
[2020-12-14T19:15:41.041Z] [com.zaxxer.hikari.HikariDataSource] [restartedMain] [110] [INFO ]
				HikariPool-1 - Starting...
[2020-12-14T19:15:42.042Z] [com.zaxxer.hikari.HikariDataSource] [restartedMain] [123] [INFO ]
				HikariPool-1 - Start completed.
[2020-12-14T19:15:43.043Z] [org.hibernate.dialect.Dialect] [restartedMain] [170] [INFO ]
				HHH000400: Using dialect: org.hibernate.dialect.MySQL8Dialect
[2020-12-14T19:15:46.046Z] [org.hibernate.engine.transaction.jta.platform.internal.JtaPlatformInitiator] [restartedMain] [52] [INFO ]
				HHH000490: Using JtaPlatform implementation: [org.hibernate.engine.transaction.jta.platform.internal.NoJtaPlatform]
[2020-12-14T19:15:46.046Z] [org.springframework.orm.jpa.AbstractEntityManagerFactoryBean] [restartedMain] [434] [INFO ]
				Initialized JPA EntityManagerFactory for persistence unit 'default'
[2020-12-14T19:15:46.046Z] [org.springframework.boot.devtools.autoconfigure.OptionalLiveReloadServer] [restartedMain] [58] [INFO ]
				LiveReload server is running on port 35729
[2020-12-14T19:15:47.047Z] [org.springframework.scheduling.concurrent.ExecutorConfigurationSupport] [restartedMain] [181] [INFO ]
				Initializing ExecutorService 'threadExecutor'
[2020-12-14T19:15:47.047Z] [org.springframework.boot.autoconfigure.orm.jpa.JpaBaseConfiguration$JpaWebConfiguration] [restartedMain] [221] [WARN ]
				spring.jpa.open-in-view is enabled by default. Therefore, database queries may be performed during view rendering. Explicitly configure spring.jpa.open-in-view to disable this warning
[2020-12-14T19:15:48.048Z] [org.apache.juli.logging.DirectJDKLog] [restartedMain] [173] [INFO ]
				Starting ProtocolHandler ["http-nio-8080"]
[2020-12-14T19:15:48.048Z] [org.springframework.boot.web.embedded.tomcat.TomcatWebServer] [restartedMain] [220] [INFO ]
				Tomcat started on port(s): 8080 (http) with context path ''
[2020-12-14T19:15:48.048Z] [org.springframework.data.repository.config.DeferredRepositoryInitializationListener] [restartedMain] [51] [INFO ]
				Triggering deferred initialization of Spring Data repositories…
[2020-12-14T19:15:48.048Z] [org.springframework.data.repository.config.DeferredRepositoryInitializationListener] [restartedMain] [55] [INFO ]
				Spring Data repositories initialized!
[2020-12-14T19:15:48.048Z] [org.springframework.boot.StartupInfoLogger] [restartedMain] [61] [INFO ]
				Started EmpPayrollWebAppApplication in 11.522 seconds (JVM running for 13.59)
[2020-12-14T19:15:50.050Z] [org.apache.juli.logging.DirectJDKLog] [http-nio-8080-exec-1] [173] [INFO ]
				Initializing Spring DispatcherServlet 'dispatcherServlet'
[2020-12-14T19:15:50.050Z] [org.springframework.web.servlet.FrameworkServlet] [http-nio-8080-exec-1] [525] [INFO ]
				Initializing Servlet 'dispatcherServlet'
[2020-12-14T19:15:50.050Z] [org.springframework.web.servlet.FrameworkServlet] [http-nio-8080-exec-1] [547] [INFO ]
				Completed initialization in 2 ms
[2020-12-14T19:15:50.050Z] [org.springframework.web.servlet.handler.AbstractHandlerExceptionResolver] [http-nio-8080-exec-1] [207] [WARN ]
				Resolved [org.springframework.web.bind.MethodArgumentNotValidException: Validation failed for argument [1] in public com.blz.emppayroll.model.EmployeePayroll com.blz.emppayroll.controller.EmployeePayrollController.updateEmployeePayrollData(int,com.blz.emppayroll.model.EmployeePayroll) with 2 errors: [Field error in object 'employeePayroll' on field 'name': rejected value [Su]; codes [Pattern.employeePayroll.name,Pattern.name,Pattern.java.lang.String,Pattern]; arguments [org.springframework.context.support.DefaultMessageSourceResolvable: codes [employeePayroll.name,name]; arguments []; default message [name],[Ljavax.validation.constraints.Pattern$Flag;@6048765c,^[A-Z]{1}[a-z]{2,}\s?([A-Z]{1}[a-z]{1,}\s?){0,2}$]; default message [Please enter correct name in correct format. Eg. John Smith]] [Field error in object 'employeePayroll' on field 'salary': rejected value [50]; codes [Min.employeePayroll.salary,Min.salary,Min.long,Min]; arguments [org.springframework.context.support.DefaultMessageSourceResolvable: codes [employeePayroll.salary,salary]; arguments []; default message [salary],1000]; default message [Min. required Salary is 1000]] ]
[2020-12-14T19:25:09.009Z] [org.springframework.boot.admin.SpringApplicationAdminMXBeanRegistrar$SpringApplicationAdmin] [RMI TCP Connection(16)-127.0.0.1] [159] [INFO ]
				Application shutdown requested.
[2020-12-14T19:25:10.010Z] [org.springframework.scheduling.concurrent.ExecutorConfigurationSupport] [RMI TCP Connection(16)-127.0.0.1] [218] [INFO ]
				Shutting down ExecutorService 'threadExecutor'
[2020-12-14T19:25:10.010Z] [org.springframework.orm.jpa.AbstractEntityManagerFactoryBean] [RMI TCP Connection(16)-127.0.0.1] [648] [INFO ]
				Closing JPA EntityManagerFactory for persistence unit 'default'
[2020-12-14T19:25:10.010Z] [com.zaxxer.hikari.HikariDataSource] [RMI TCP Connection(16)-127.0.0.1] [350] [INFO ]
				HikariPool-1 - Shutdown initiated...
[2020-12-14T19:25:10.010Z] [com.zaxxer.hikari.HikariDataSource] [RMI TCP Connection(16)-127.0.0.1] [352] [INFO ]
				HikariPool-1 - Shutdown completed.
